<?xml version="1.0" encoding="UTF-8"?>
<!-- Generated by org.testng.reporters.JUnitXMLReporter -->
<testsuite ignored="0" hostname="WKWZTe4PEuMmcft" failures="0" tests="7" name="Test1" time="24.223" errors="0" timestamp="2022-11-22T17:46:53 IST">
  <testcase classname="Report.TestClass1" name="InvalidUsernameInvalidPassword" time="0.884"/>
  <testcase classname="Report.TestClass1" name="InvalidUsernamevalidPassword" time="0.861"/>
  <testcase classname="Report.TestClass1" name="noDetails" time="0.071"/>
  <testcase classname="Report.TestClass1" name="validCredentials" time="3.115"/>
  <testcase classname="Report.TestClass1" name="validUsernameInvalidPassword" time="0.913"/>
  <testcase classname="Report.MyFirstTestNG" name="login" time="0.003"/>
  <testcase classname="Report.MyFirstTestNG" name="logoutFormApplication" time="0.002"/>
</testsuite> <!-- Test1 -->
