<?xml version="1.0" encoding="UTF-8"?>
<!-- Generated by org.testng.reporters.JUnitXMLReporter -->
<testsuite ignored="0" hostname="WKWZTe4PEuMmcft" failures="0" tests="9" name="Test" time="41.265" errors="0" timestamp="2022-11-23T16:31:35 IST">
  <testcase classname="Report.LoginTest" name="invalidUsernameandPassword" time="5.679"/>
  <testcase classname="Report.LoginTest" name="validUsernameandPassword" time="3.554"/>
  <testcase classname="Report.TestClass1" name="InvalidUsernameInvalidPassword" time="0.702"/>
  <testcase classname="Report.TestClass1" name="InvalidUsernamevalidPassword" time="0.865"/>
  <testcase classname="Report.TestClass1" name="noDetails" time="0.069"/>
  <testcase classname="Report.TestClass1" name="validCredentials" time="4.001"/>
  <testcase classname="Report.TestClass1" name="validUsernameInvalidPassword" time="1.305"/>
  <testcase classname="Report.MyFirstTestNG" name="login" time="0.001"/>
  <testcase classname="Report.MyFirstTestNG" name="logoutFormApplication" time="0.0"/>
</testsuite> <!-- Test -->
