<?xml version="1.0" encoding="UTF-8"?>
<testng-results ignored="0" total="3" passed="3" failed="0" skipped="0">
  <reporter-output>
  </reporter-output>
  <suite started-at="2022-11-24T13:11:43 IST" name="Suite" finished-at="2022-11-24T13:12:28 IST" duration-ms="45045">
    <groups>
    </groups>
    <test started-at="2022-11-24T13:11:43 IST" name="Test" finished-at="2022-11-24T13:11:57 IST" duration-ms="13990">
      <class name="DAY5.BrowserStack1stPgm">
        <test-method is-config="true" signature="setup(java.lang.String,java.lang.String,java.lang.String,java.lang.String)[pri:0, instance:DAY5.BrowserStack1stPgm@22ef9844]" started-at="2022-11-24T13:11:43 IST" name="setup" finished-at="2022-11-24T13:11:54 IST" duration-ms="11057" status="PASS">
          <params>
            <param index="0">
              <value>
                <![CDATA[Chrome]]>
              </value>
            </param>
            <param index="1">
              <value>
                <![CDATA[latest]]>
              </value>
            </param>
            <param index="2">
              <value>
                <![CDATA[Windows]]>
              </value>
            </param>
            <param index="3">
              <value>
                <![CDATA[10]]>
              </value>
            </param>
          </params>
          <reporter-output>
          </reporter-output>
        </test-method> <!-- setup -->
        <test-method signature="urlLink()[pri:0, instance:DAY5.BrowserStack1stPgm@22ef9844]" started-at="2022-11-24T13:11:54 IST" name="urlLink" finished-at="2022-11-24T13:11:55 IST" duration-ms="1376" status="PASS">
          <reporter-output>
          </reporter-output>
        </test-method> <!-- urlLink -->
        <test-method is-config="true" signature="tearDown()[pri:0, instance:DAY5.BrowserStack1stPgm@22ef9844]" started-at="2022-11-24T13:11:55 IST" name="tearDown" finished-at="2022-11-24T13:11:57 IST" duration-ms="1532" status="PASS">
          <reporter-output>
          </reporter-output>
        </test-method> <!-- tearDown -->
      </class> <!-- DAY5.BrowserStack1stPgm -->
    </test> <!-- Test -->
    <test started-at="2022-11-24T13:11:57 IST" name="Test1" finished-at="2022-11-24T13:12:09 IST" duration-ms="12628">
      <class name="DAY5.Prgm2">
        <test-method is-config="true" signature="setup(java.lang.String,java.lang.String,java.lang.String,java.lang.String)[pri:0, instance:DAY5.Prgm2@942a29c]" started-at="2022-11-24T13:11:57 IST" name="setup" finished-at="2022-11-24T13:12:04 IST" duration-ms="7187" status="PASS">
          <params>
            <param index="0">
              <value>
                <![CDATA[Edge]]>
              </value>
            </param>
            <param index="1">
              <value>
                <![CDATA[latest]]>
              </value>
            </param>
            <param index="2">
              <value>
                <![CDATA[Windows]]>
              </value>
            </param>
            <param index="3">
              <value>
                <![CDATA[10]]>
              </value>
            </param>
          </params>
          <reporter-output>
          </reporter-output>
        </test-method> <!-- setup -->
        <test-method signature="urlLink()[pri:0, instance:DAY5.Prgm2@942a29c]" started-at="2022-11-24T13:12:04 IST" name="urlLink" finished-at="2022-11-24T13:12:08 IST" duration-ms="4244" status="PASS">
          <reporter-output>
          </reporter-output>
        </test-method> <!-- urlLink -->
        <test-method is-config="true" signature="tearDown()[pri:0, instance:DAY5.Prgm2@942a29c]" started-at="2022-11-24T13:12:08 IST" name="tearDown" finished-at="2022-11-24T13:12:09 IST" duration-ms="1195" status="PASS">
          <reporter-output>
          </reporter-output>
        </test-method> <!-- tearDown -->
      </class> <!-- DAY5.Prgm2 -->
    </test> <!-- Test1 -->
    <test started-at="2022-11-24T13:12:09 IST" name="Test2" finished-at="2022-11-24T13:12:28 IST" duration-ms="18387">
      <class name="DAY5.Pgrm3">
        <test-method is-config="true" signature="setup(java.lang.String,java.lang.String,java.lang.String,java.lang.String)[pri:0, instance:DAY5.Pgrm3@121314f7]" started-at="2022-11-24T13:12:09 IST" name="setup" finished-at="2022-11-24T13:12:21 IST" duration-ms="11524" status="PASS">
          <params>
            <param index="0">
              <value>
                <![CDATA[Firefox]]>
              </value>
            </param>
            <param index="1">
              <value>
                <![CDATA[latest]]>
              </value>
            </param>
            <param index="2">
              <value>
                <![CDATA[Windows]]>
              </value>
            </param>
            <param index="3">
              <value>
                <![CDATA[10]]>
              </value>
            </param>
          </params>
          <reporter-output>
          </reporter-output>
        </test-method> <!-- setup -->
        <test-method signature="urlLink()[pri:0, instance:DAY5.Pgrm3@121314f7]" started-at="2022-11-24T13:12:21 IST" name="urlLink" finished-at="2022-11-24T13:12:26 IST" duration-ms="5382" status="PASS">
          <reporter-output>
          </reporter-output>
        </test-method> <!-- urlLink -->
        <test-method is-config="true" signature="tearDown()[pri:0, instance:DAY5.Pgrm3@121314f7]" started-at="2022-11-24T13:12:26 IST" name="tearDown" finished-at="2022-11-24T13:12:28 IST" duration-ms="1480" status="PASS">
          <reporter-output>
          </reporter-output>
        </test-method> <!-- tearDown -->
      </class> <!-- DAY5.Pgrm3 -->
    </test> <!-- Test2 -->
  </suite> <!-- Suite -->
</testng-results>
